<?xml version="1.0" encoding="UTF-8"?>
<!-- Generated by org.testng.reporters.JUnitXMLReporter -->
<testsuite ignored="0" hostname="ESTPL-DLF-L188" failures="0" tests="6" name="Default test" time="0.513" errors="0" timestamp="2024-04-03T15:14:10 IST">
  <testcase classname="com.RND.base.BaseTestRealDevice" name="@BeforeClass configureAppium" time="0.436">
    <failure type="org.openqa.selenium.SessionNotCreatedException" message="Could not start a new session. Possible causes are invalid address of the remote server or browser start-up failure. 
Host info: host: &amp;apos;ESTPL-DLF-L188&amp;apos;, ip: &amp;apos;192.168.20.40&amp;apos;">
      <![CDATA[org.openqa.selenium.SessionNotCreatedException: Could not start a new session. Possible causes are invalid address of the remote server or browser start-up failure. 
Host info: host: 'ESTPL-DLF-L188', ip: '192.168.20.40'
at org.openqa.selenium.remote.RemoteWebDriver.execute(RemoteWebDriver.java:536)
at io.appium.java_client.AppiumDriver.startSession(AppiumDriver.java:268)
at org.openqa.selenium.remote.RemoteWebDriver.<init>(RemoteWebDriver.java:161)
at io.appium.java_client.AppiumDriver.<init>(AppiumDriver.java:90)
at io.appium.java_client.AppiumDriver.<init>(AppiumDriver.java:102)
at io.appium.java_client.android.AndroidDriver.<init>(AndroidDriver.java:109)
at com.RND.base.BaseTestRealDevice.configureAppium(BaseTestRealDevice.java:83)
at java.base/jdk.internal.reflect.NativeMethodAccessorImpl.invoke0(Native Method)
at java.base/jdk.internal.reflect.NativeMethodAccessorImpl.invoke(NativeMethodAccessorImpl.java:77)
at java.base/jdk.internal.reflect.DelegatingMethodAccessorImpl.invoke(DelegatingMethodAccessorImpl.java:43)
at java.base/java.lang.reflect.Method.invoke(Method.java:568)
at org.testng.internal.MethodInvocationHelper.invokeMethod(MethodInvocationHelper.java:133)
at org.testng.internal.MethodInvocationHelper.invokeMethodConsideringTimeout(MethodInvocationHelper.java:62)
at org.testng.internal.ConfigInvoker.invokeConfigurationMethod(ConfigInvoker.java:385)
at org.testng.internal.ConfigInvoker.invokeConfigurations(ConfigInvoker.java:321)
at org.testng.internal.TestMethodWorker.invokeBeforeClassMethods(TestMethodWorker.java:176)
at org.testng.internal.TestMethodWorker.run(TestMethodWorker.java:122)
at java.base/java.util.ArrayList.forEach(ArrayList.java:1511)
at org.testng.TestRunner.privateRun(TestRunner.java:794)
at org.testng.TestRunner.run(TestRunner.java:596)
at org.testng.SuiteRunner.runTest(SuiteRunner.java:377)
at org.testng.SuiteRunner.runSequentially(SuiteRunner.java:371)
at org.testng.SuiteRunner.privateRun(SuiteRunner.java:332)
at org.testng.SuiteRunner.run(SuiteRunner.java:276)
at org.testng.SuiteRunnerWorker.runSuite(SuiteRunnerWorker.java:53)
at org.testng.SuiteRunnerWorker.run(SuiteRunnerWorker.java:96)
at org.testng.TestNG.runSuitesSequentially(TestNG.java:1212)
at org.testng.TestNG.runSuitesLocally(TestNG.java:1134)
at org.testng.TestNG.runSuites(TestNG.java:1063)
at org.testng.TestNG.run(TestNG.java:1031)
at org.testng.remote.AbstractRemoteTestNG.run(AbstractRemoteTestNG.java:115)
at org.testng.remote.RemoteTestNG.initAndRun(RemoteTestNG.java:251)
at org.testng.remote.RemoteTestNG.main(RemoteTestNG.java:77)
Caused by: org.openqa.selenium.WebDriverException: java.lang.NoSuchMethodException: org.openqa.selenium.remote.ProtocolHandshake.createSession(org.openqa.selenium.remote.http.HttpHandler,java.util.function.Supplier,long)
Build info: version: '4.19.1', revision: 'abe0ee07dc'
System info: os.name: 'Windows 11', os.arch: 'amd64', os.version: '10.0', java.version: '17.0.10'
Driver info: driver.version: AndroidDriver
at io.appium.java_client.remote.AppiumProtocolHandshake.createSession(AppiumProtocolHandshake.java:137)
at io.appium.java_client.remote.AppiumProtocolHandshake.createSession(AppiumProtocolHandshake.java:102)
at io.appium.java_client.remote.AppiumCommandExecutor.createSession(AppiumCommandExecutor.java:176)
at io.appium.java_client.remote.AppiumCommandExecutor.execute(AppiumCommandExecutor.java:237)
at org.openqa.selenium.remote.RemoteWebDriver.execute(RemoteWebDriver.java:518)
... 32 more
Caused by: java.lang.NoSuchMethodException: org.openqa.selenium.remote.ProtocolHandshake.createSession(org.openqa.selenium.remote.http.HttpHandler,java.util.function.Supplier,long)
at java.base/java.lang.Class.getDeclaredMethod(Class.java:2675)
at io.appium.java_client.remote.AppiumProtocolHandshake.createSession(AppiumProtocolHandshake.java:128)
... 36 more
]]>
    </failure>
  </testcase> <!-- @BeforeClass configureAppium -->
  <testcase classname="com.RND.base.BaseTestRealDevice" name="@BeforeMethod setup" time="-1.712137450201E9">
    <skipped/>
  </testcase> <!-- @BeforeMethod setup -->
  <testcase classname="com.RND.tests.RND_Test" name="@AfterMethod tearDown" time="-1.712137450208E9">
    <skipped/>
  </testcase> <!-- @AfterMethod tearDown -->
  <testcase classname="com.RND.base.BaseTestRealDevice" name="@BeforeMethod setup" time="-1.712137450213E9">
    <skipped/>
  </testcase> <!-- @BeforeMethod setup -->
  <testcase classname="com.RND.tests.RND_Test" name="@AfterMethod tearDown" time="-1.712137450219E9">
    <skipped/>
  </testcase> <!-- @AfterMethod tearDown -->
  <testcase classname="com.RND.base.BaseTestRealDevice" name="@BeforeMethod setup" time="-1.712137450221E9">
    <skipped/>
  </testcase> <!-- @BeforeMethod setup -->
  <testcase classname="com.RND.tests.RND_Test" name="@AfterMethod tearDown" time="-1.712137450226E9">
    <skipped/>
  </testcase> <!-- @AfterMethod tearDown -->
  <testcase classname="com.RND.base.BaseTestRealDevice" name="@BeforeMethod setup" time="-1.712137450227E9">
    <skipped/>
  </testcase> <!-- @BeforeMethod setup -->
  <testcase classname="com.RND.tests.RND_Test" name="@AfterMethod tearDown" time="-1.712137450232E9">
    <skipped/>
  </testcase> <!-- @AfterMethod tearDown -->
  <testcase classname="com.RND.base.BaseTestRealDevice" name="@BeforeMethod setup" time="-1.712137450233E9">
    <skipped/>
  </testcase> <!-- @BeforeMethod setup -->
  <testcase classname="com.RND.tests.RND_Test" name="@AfterMethod tearDown" time="-1.712137450237E9">
    <skipped/>
  </testcase> <!-- @AfterMethod tearDown -->
  <testcase classname="com.RND.base.BaseTestRealDevice" name="@BeforeMethod setup" time="-1.712137450238E9">
    <skipped/>
  </testcase> <!-- @BeforeMethod setup -->
  <testcase classname="com.RND.tests.RND_Test" name="@AfterMethod tearDown" time="-1.712137450243E9">
    <skipped/>
  </testcase> <!-- @AfterMethod tearDown -->
  <testcase classname="com.RND.base.BaseTestRealDevice" name="@AfterTest serviceClose" time="-1.712137450244E9">
    <skipped/>
  </testcase> <!-- @AfterTest serviceClose -->
  <testcase classname="com.RND.tests.RND_Test" name="TC_01_verificationOfLoginFunctionalityMobileNumber" time="0.0">
    <skipped/>
  </testcase> <!-- TC_01_verificationOfLoginFunctionalityMobileNumber -->
  <testcase classname="com.RND.tests.RND_Test" name="TC_02_verificationOfLoginFunctionalityWithOTP" time="0.0">
    <skipped/>
  </testcase> <!-- TC_02_verificationOfLoginFunctionalityWithOTP -->
  <testcase classname="com.RND.tests.RND_Test" name="TC_03_VerificationOfChangeMultiSectorFunctionality" time="0.0">
    <skipped/>
  </testcase> <!-- TC_03_VerificationOfChangeMultiSectorFunctionality -->
  <testcase classname="com.RND.tests.RND_Test" name="TC_04_VerificationOfSupervisorHomePage" time="0.0">
    <skipped/>
  </testcase> <!-- TC_04_VerificationOfSupervisorHomePage -->
  <testcase classname="com.RND.tests.RND_Test" name="TC_05_verificationOfAddNewBeneficiary" time="0.0">
    <skipped/>
  </testcase> <!-- TC_05_verificationOfAddNewBeneficiary -->
  <testcase classname="com.RND.tests.RND_Test" name="TC_06_verificationOfAddNewBeneficiaryAadhar" time="0.0">
    <skipped/>
  </testcase> <!-- TC_06_verificationOfAddNewBeneficiaryAadhar -->
</testsuite> <!-- Default test -->
